<?xml version="1.0" encoding="UTF-8"?>
<!-- Generated by org.testng.reporters.JUnitXMLReporter -->
<testsuite hostname="dell-PC" ignored="1" name="Default test" tests="4" failures="0" timestamp="2020-10-27T22:07:06 IST" time="67.645" errors="0">
  <testcase name="TC_001_flipKartLogin" time="1.894" classname="com.praticeflipkart.testcases.LoginTest"/>
  <testcase name="TC_002_flipKartLogin" time="0.715" classname="com.praticeflipkart.testcases.LoginTest"/>
  <testcase name="TC_003_flipKartLogin" time="0.783" classname="com.praticeflipkart.testcases.LoginTest"/>
  <testcase name="TC_004_flipKartLogin" time="0.643" classname="com.praticeflipkart.testcases.LoginTest"/>
  <testcase name="TC_005_searchProducts" time="0.0" classname="com.praticeflipkart.testcases.LoginTest">
    <ignored/>
  </testcase> <!-- TC_005_searchProducts -->
</testsuite> <!-- Default test -->
