<?xml version="1.0" encoding="UTF-8"?>
<!-- Generated by org.testng.reporters.JUnitXMLReporter -->
<testsuite hostname="dell-PC" ignored="0" name="Default test" tests="3" failures="0" timestamp="2020-12-17T21:35:31 IST" time="51.329" errors="0">
  <testcase name="TC_001_switchToAlert" time="4.882" classname="com.seleniumeasy.testcases.AlertPopUpTest"/>
  <testcase name="TC_002_switchToAlert" time="4.999" classname="com.seleniumeasy.testcases.AlertPopUpTest"/>
  <testcase name="TC_003_switchToAlert" time="7.749" classname="com.seleniumeasy.testcases.AlertPopUpTest"/>
</testsuite> <!-- Default test -->
