<?xml version="1.0" encoding="UTF-8"?>
<testng-results skipped="0" failed="0" ignored="0" total="1" passed="1">
  <reporter-output>
  </reporter-output>
  <suite name="Suite" duration-ms="15961" started-at="2020-10-07T08:24:29 IST" finished-at="2020-10-07T08:24:45 IST">
    <groups>
    </groups>
    <test name="Test" duration-ms="15961" started-at="2020-10-07T08:24:29 IST" finished-at="2020-10-07T08:24:45 IST">
      <class name="com.praticeflipkart.testcases.LoginTestcase">
        <test-method status="PASS" signature="launch()[pri:0, instance:com.praticeflipkart.testcases.LoginTestcase@5a8e6209]" name="launch" is-config="true" duration-ms="15326" started-at="2020-10-07T08:24:29 IST" finished-at="2020-10-07T08:24:45 IST">
          <reporter-output>
          </reporter-output>
        </test-method> <!-- launch -->
        <test-method status="PASS" signature="flipKartLogin()[pri:0, instance:com.praticeflipkart.testcases.LoginTestcase@5a8e6209]" name="flipKartLogin" duration-ms="507" started-at="2020-10-07T08:24:45 IST" finished-at="2020-10-07T08:24:45 IST">
          <reporter-output>
          </reporter-output>
        </test-method> <!-- flipKartLogin -->
        <test-method status="PASS" signature="tearDown()[pri:0, instance:com.praticeflipkart.testcases.LoginTestcase@5a8e6209]" name="tearDown" is-config="true" duration-ms="1" started-at="2020-10-07T08:24:45 IST" finished-at="2020-10-07T08:24:45 IST">
          <reporter-output>
          </reporter-output>
        </test-method> <!-- tearDown -->
      </class> <!-- com.praticeflipkart.testcases.LoginTestcase -->
    </test> <!-- Test -->
  </suite> <!-- Suite -->
</testng-results>
