<?xml version="1.0" encoding="UTF-8"?>
<testng-results skipped="0" failed="0" ignored="1" total="5" passed="4">
  <reporter-output>
  </reporter-output>
  <suite name="Default suite" duration-ms="67645" started-at="2020-10-27T22:05:58 IST" finished-at="2020-10-27T22:07:06 IST">
    <groups>
    </groups>
    <test name="Default test" duration-ms="67645" started-at="2020-10-27T22:05:58 IST" finished-at="2020-10-27T22:07:06 IST">
      <class name="com.praticeflipkart.testcases.LoginTest">
        <test-method status="PASS" signature="launch()[pri:0, instance:com.praticeflipkart.testcases.LoginTest@5bfbf16f]" name="launch" is-config="true" duration-ms="15023" started-at="2020-10-27T22:05:58 IST" finished-at="2020-10-27T22:06:13 IST">
          <reporter-output>
          </reporter-output>
        </test-method> <!-- launch -->
        <test-method status="PASS" signature="TC_001_flipKartLogin()[pri:0, instance:com.praticeflipkart.testcases.LoginTest@5bfbf16f]" name="TC_001_flipKartLogin" duration-ms="1894" started-at="2020-10-27T22:06:13 IST" finished-at="2020-10-27T22:06:15 IST">
          <reporter-output>
          </reporter-output>
        </test-method> <!-- TC_001_flipKartLogin -->
        <test-method status="PASS" signature="tearDown()[pri:0, instance:com.praticeflipkart.testcases.LoginTest@5bfbf16f]" name="tearDown" is-config="true" duration-ms="1" started-at="2020-10-27T22:06:15 IST" finished-at="2020-10-27T22:06:15 IST">
          <reporter-output>
          </reporter-output>
        </test-method> <!-- tearDown -->
        <test-method status="PASS" signature="launch()[pri:0, instance:com.praticeflipkart.testcases.LoginTest@5bfbf16f]" name="launch" is-config="true" duration-ms="15060" started-at="2020-10-27T22:06:15 IST" finished-at="2020-10-27T22:06:30 IST">
          <reporter-output>
          </reporter-output>
        </test-method> <!-- launch -->
        <test-method status="PASS" signature="TC_002_flipKartLogin()[pri:0, instance:com.praticeflipkart.testcases.LoginTest@5bfbf16f]" name="TC_002_flipKartLogin" duration-ms="715" started-at="2020-10-27T22:06:30 IST" finished-at="2020-10-27T22:06:31 IST">
          <reporter-output>
          </reporter-output>
        </test-method> <!-- TC_002_flipKartLogin -->
        <test-method status="PASS" signature="tearDown()[pri:0, instance:com.praticeflipkart.testcases.LoginTest@5bfbf16f]" name="tearDown" is-config="true" duration-ms="1" started-at="2020-10-27T22:06:31 IST" finished-at="2020-10-27T22:06:31 IST">
          <reporter-output>
          </reporter-output>
        </test-method> <!-- tearDown -->
        <test-method status="PASS" signature="launch()[pri:0, instance:com.praticeflipkart.testcases.LoginTest@5bfbf16f]" name="launch" is-config="true" duration-ms="14944" started-at="2020-10-27T22:06:31 IST" finished-at="2020-10-27T22:06:46 IST">
          <reporter-output>
          </reporter-output>
        </test-method> <!-- launch -->
        <test-method status="PASS" signature="TC_003_flipKartLogin()[pri:0, instance:com.praticeflipkart.testcases.LoginTest@5bfbf16f]" name="TC_003_flipKartLogin" duration-ms="783" started-at="2020-10-27T22:06:46 IST" finished-at="2020-10-27T22:06:47 IST">
          <reporter-output>
          </reporter-output>
        </test-method> <!-- TC_003_flipKartLogin -->
        <test-method status="PASS" signature="tearDown()[pri:0, instance:com.praticeflipkart.testcases.LoginTest@5bfbf16f]" name="tearDown" is-config="true" duration-ms="1" started-at="2020-10-27T22:06:47 IST" finished-at="2020-10-27T22:06:47 IST">
          <reporter-output>
          </reporter-output>
        </test-method> <!-- tearDown -->
        <test-method status="PASS" signature="launch()[pri:0, instance:com.praticeflipkart.testcases.LoginTest@5bfbf16f]" name="launch" is-config="true" duration-ms="18480" started-at="2020-10-27T22:06:47 IST" finished-at="2020-10-27T22:07:05 IST">
          <reporter-output>
          </reporter-output>
        </test-method> <!-- launch -->
        <test-method status="PASS" signature="TC_004_flipKartLogin()[pri:0, instance:com.praticeflipkart.testcases.LoginTest@5bfbf16f]" name="TC_004_flipKartLogin" duration-ms="643" started-at="2020-10-27T22:07:05 IST" finished-at="2020-10-27T22:07:06 IST">
          <reporter-output>
          </reporter-output>
        </test-method> <!-- TC_004_flipKartLogin -->
        <test-method status="PASS" signature="tearDown()[pri:0, instance:com.praticeflipkart.testcases.LoginTest@5bfbf16f]" name="tearDown" is-config="true" duration-ms="1" started-at="2020-10-27T22:07:06 IST" finished-at="2020-10-27T22:07:06 IST">
          <reporter-output>
          </reporter-output>
        </test-method> <!-- tearDown -->
      </class> <!-- com.praticeflipkart.testcases.LoginTest -->
    </test> <!-- Default test -->
  </suite> <!-- Default suite -->
</testng-results>
